[array([[[-7.35064566e-01,  3.30795646e-01, -6.13631129e-01,
         -5.30429482e-01, -3.89396191e-01],
        [-1.89511776e-01,  1.40569854e+00, -1.35441750e-01,
         -5.32489836e-01, -1.11316472e-01],
        [-1.06158471e+00,  8.07056963e-01,  4.75238621e-01,
         -7.60100782e-01,  3.17562670e-01],
        ...,
        [ 5.27630094e-03, -4.69841156e-03,  2.39374931e-04,
         -6.14275504e-03, -1.15813268e-02],
        [ 8.10566358e-03, -3.77832912e-04,  3.41527071e-03,
          7.58780679e-03, -6.80297706e-03],
        [ 1.57613086e-03,  7.01557985e-03, -1.59569830e-03,
         -1.02554755e-02, -8.32111202e-03]]], dtype=float32), array([[[0.33886585, 0.6611342 ],
        [0.5271012 , 0.47289878],
        [0.34456   , 0.65544   ],
        ...,
        [0.49613243, 0.50386757],
        [0.5003919 , 0.4996081 ],
        [0.4995794 , 0.50042063]]], dtype=float32), array([[[0.4807699 , 0.51923007],
        [0.20673573, 0.79326427],
        [0.32755297, 0.67244697],
        ...,
        [0.50126106, 0.4987389 ],
        [0.49931917, 0.50068086],
        [0.49994436, 0.5000557 ]]], dtype=float32)]
[array([[[-7.35064566e-01,  3.30795646e-01, -6.13631129e-01,
         -5.30429482e-01, -3.89396191e-01],
        [-1.89511776e-01,  1.40569854e+00, -1.35441750e-01,
         -5.32489836e-01, -1.11316472e-01],
        [-1.06158471e+00,  8.07056963e-01,  4.75238621e-01,
         -7.60100782e-01,  3.17562670e-01],
        ...,
        [ 5.27630094e-03, -4.69841156e-03,  2.39374931e-04,
         -6.14275504e-03, -1.15813268e-02],
        [ 8.10566358e-03, -3.77832912e-04,  3.41527071e-03,
          7.58780679e-03, -6.80297706e-03],
        [ 1.57613086e-03,  7.01557985e-03, -1.59569830e-03,
         -1.02554755e-02, -8.32111202e-03]]], dtype=float32), array([[[0.33886585, 0.6611342 ],
        [0.5271012 , 0.47289878],
        [0.34456   , 0.65544   ],
        ...,
        [0.49613243, 0.50386757],
        [0.5003919 , 0.4996081 ],
        [0.4995794 , 0.50042063]]], dtype=float32), array([[[0.4807699 , 0.51923007],
        [0.20673573, 0.79326427],
        [0.32755297, 0.67244697],
        ...,
        [0.50126106, 0.4987389 ],
        [0.49931917, 0.50068086],
        [0.49994436, 0.5000557 ]]], dtype=float32)]
